<?xml version="1.0" encoding="UTF-8"?>
<!-- Generated by org.testng.reporters.JUnitReportReporter -->
<testsuite hostname="NA" failures="0" tests="1" name="cucumberOptions.TestRunner" time="15.293" errors="0" timestamp="2023-10-29T13:19:12 IST" skipped="0">
  <testcase classname="cucumberOptions.TestRunner" name="runScenario" time="15.293"/>
</testsuite> <!-- cucumberOptions.TestRunner -->
