<?xml version="1.0" encoding="UTF-8"?>
<!-- Generated by org.testng.reporters.JUnitReportReporter -->
<testsuite hostname="NA" failures="0" tests="1" name="cucumberOptions.TestRunner" time="21.433" errors="0" timestamp="2023-10-29T20:12:37 IST" skipped="0">
  <testcase classname="cucumberOptions.TestRunner" name="runScenario" time="21.433"/>
</testsuite> <!-- cucumberOptions.TestRunner -->
